make all --print-data-base --no-builtin-variables --no-builtin-rules --question
# GNU Make 3.81
# Copyright (C) 2006  Free Software Foundation, Inc.
# This is free software; see the source for copying conditions.
# There is NO warranty; not even for MERCHANTABILITY or FITNESS FOR A
# PARTICULAR PURPOSE.

# This program built for i386-apple-darwin11.3.0
 
/Applications/Xcode.app/Contents/Developer/usr/bin/make -C ./lib
 
# GNU Make 3.81
# Copyright (C) 2006  Free Software Foundation, Inc.
# This is free software; see the source for copying conditions.
# There is NO warranty; not even for MERCHANTABILITY or FITNESS FOR A
# PARTICULAR PURPOSE.

# This program built for i386-apple-darwin11.3.0
 

# Make data base, printed on Fri Oct 13 12:55:00 2023

# Variables

# automatic
<D = $(patsubst %/,%,$(dir $<))
# automatic
?F = $(notdir $?)
# makefile (from `Makefile', line 167)
INCDIR = ../include
# makefile (from `Makefile', line 37)
HARDWARE_DESC = adafruit-hat
# environment
VSCODE_CRASH_REPORTER_PROCESS_TYPE = extensionHost
# makefile (from `Makefile', line 11)
TARGET = librgbmatrix
# automatic
?D = $(patsubst %/,%,$(dir $?))
# automatic
@D = $(patsubst %/,%,$(dir $@))
# automatic
@F = $(notdir $@)
# makefile
CURDIR := /Users/patrickbullion/Code/led/rpi-rgb-led-matrix/lib
# makefile
SHELL = /bin/sh
# environment
VSCODE_NLS_CONFIG = {"locale":"en-us","osLocale":"en-us","availableLanguages":{},"_languagePackSupport":true}
# environment
_ = /usr/bin/make
# makefile (from `Makefile', line 168)
CFLAGS = -W -Wall -Wextra -Wno-unused-parameter -O3 -g -fPIC $(DEFINES)
# makefile (from `Makefile', line 1)
MAKEFILE_LIST :=  Makefile
# makefile (from `Makefile', line 169)
CXXFLAGS = $(CFLAGS) -fno-exceptions -std=c++11
# environment
__CFBundleIdentifier = com.microsoft.VSCode
# environment
VSCODE_CWD = /
# environment
PATH = /usr/bin:/bin:/usr/sbin:/sbin:/usr/local/bin
# environment
LaunchInstanceID = F03CFCB4-EF3B-46E4-8D9D-0D95E67F6882
# environment
ELECTRON_RUN_AS_NODE = 1
# default
.FEATURES := target-specific order-only second-expansion else-if archives jobserver check-symlink
# environment
SSH_AUTH_SOCK = /private/tmp/com.apple.launchd.xMNdCHf4Tu/Listeners
# automatic
%F = $(notdir $%)
# environment
PWD = /Users/patrickbullion/Code/led/rpi-rgb-led-matrix
# environment
ORIGINAL_XDG_CURRENT_DESKTOP = undefined
# environment
MANPATH = /Applications/Xcode.app/Contents/Developer/Platforms/MacOSX.platform/Developer/SDKs/MacOSX.sdk/usr/share/man:/Applications/Xcode.app/Contents/Developer/Platforms/MacOSX.platform/usr/share/man:/Applications/Xcode.app/Contents/Developer/usr/share/man:/Applications/Xcode.app/Contents/Developer/Toolchains/XcodeDefault.xctoolchain/usr/share/man:
# environment
VSCODE_AMD_ENTRYPOINT = vs/workbench/api/node/extensionHostProcess
# environment
HOME = /Users/patrickbullion
# default
MAKEFILEPATH := /Applications/Xcode.app/Contents/Developer/Makefiles
# makefile (from `Makefile', line 166)
DEFINES = $(USER_DEFINES) -DDEFAULT_HARDWARE='"$(HARDWARE_DESC)"'
# environment
VSCODE_CODE_CACHE_PATH = /Users/patrickbullion/Library/Application Support/Code/CachedData/f1b07bd25dfad64b0167beb15359ae573aecd2cc
# environment
LOGNAME = patrickbullion
# environment
APPLICATION_INSIGHTS_NO_DIAGNOSTIC_CHANNEL = true
# environment
VSCODE_HANDLES_UNCAUGHT_ERRORS = true
# automatic
^D = $(patsubst %/,%,$(dir $^))
# environment
XPC_FLAGS = 0x0
# default
MAKE = $(MAKE_COMMAND)
# environment
SHLVL = 1
# default
MAKE_VERSION := 3.81
# environment
USER = patrickbullion
# makefile
.DEFAULT_GOAL := all
# automatic
%D = $(patsubst %/,%,$(dir $%))
# default
MAKE_COMMAND := /Applications/Xcode.app/Contents/Developer/usr/bin/make
# default
.VARIABLES := 
# environment
TMPDIR = /var/folders/w9/1zr47vg90ss5sbzpm40bn78r0000gn/T/
# automatic
*F = $(notdir $*)
# environment
VSCODE_IPC_HOOK = /Users/patrickbullion/Library/Application Support/Code/1.83-main.sock
# environment
MallocNanoZone = 0
# makefile
MAKEFLAGS = Rrqp
# environment
MFLAGS = -Rrqp
# automatic
*D = $(patsubst %/,%,$(dir $*))
# environment
XPC_SERVICE_NAME = application.com.microsoft.VSCode.205882795.205882801
# automatic
+D = $(patsubst %/,%,$(dir $+))
# environment
VSCODE_L10N_BUNDLE_LOCATION = 
# automatic
+F = $(notdir $+)
# environment
__CF_USER_TEXT_ENCODING = 0x1F5:0x0:0x0
# environment
COMMAND_MODE = unix2003
# default
 
MAKEFILES := 
# automatic
<F = $(notdir $<)
# environment
LC_ALL = C
# environment
SECURITYSESSIONID = 186b0
# automatic
^F = $(notdir $^)
# default
SUFFIXES := 
# environment
MAKELEVEL := 1
# makefile (from `Makefile', line 6)
OBJECTS = gpio.o led-matrix.o options-initialize.o framebuffer.o thread.o bdf-font.o graphics.o led-matrix-c.o hardware-mapping.o pixel-mapper.o multiplex-mappers.o content-streamer.o
# environment
LANG = C
# environment
VSCODE_PID = 714
# variable set hash-table stats:
# Load=68/1024=7%, Rehash=0, Collisions=1/119=1%

# Pattern-specific Variable Values

# No pattern-specific variable values.

# Directories

# . (device 16777234, inode 10097197): 22 files, no impossibilities.

# 22 files, no impossibilities in 1 directories.

# Implicit Rules

%.o: %.cc compiler-flags
#  commands to execute (from `Makefile', line 185):
	$(CXX) -I$(INCDIR) $(CXXFLAGS) -c -o $@ $<
	

%.o: %.c compiler-flags
#  commands to execute (from `Makefile', line 188):
	$(CC)  -I$(INCDIR) $(CFLAGS) -c -o $@ $<
	

# 2 implicit rules, 0 (0.0%) terminal.

# Files

# Not a target:
multiplex-mappers.o:
#  Implicit rule search has not been done.
#  Modification time never checked.
#  File has not been updated.

librgbmatrix.a: gpio.o led-matrix.o options-initialize.o framebuffer.o thread.o bdf-font.o graphics.o led-matrix-c.o hardware-mapping.o pixel-mapper.o multiplex-mappers.o content-streamer.o
#  Implicit rule search has not been done.
#  File does not exist.
#  File has been updated.
#  Needs to be updated (-q is set).
# variable set hash-table stats:
# Load=0/32=0%, Rehash=0, Collisions=0/14=0%
#  commands to execute (from `Makefile', line 174):
	$(AR) rcs $@ $^
	

all: librgbmatrix.a librgbmatrix.so.1
#  Implicit rule search has been done.
#  File does not exist.
#  File has been updated.
#  Needs to be updated (-q is set).
# variable set hash-table stats:
# Load=0/32=0%, Rehash=0, Collisions=0/14=0%

FORCE:
#  Phony target (prerequisite of .PHONY).
#  Implicit rule search has not been done.
#  File does not exist.
#  File has been updated.
#  Successfully updated.

.PHONY: FORCE
#  Implicit rule search has not been done.
#  Modification time never checked.
#  File has not been updated.

gpio.o: gpio.cc compiler-flags
#  Implicit rule search has been done.
#  Implicit/static pattern stem: `gpio'
#  File does not exist.
#  File has been updated.
#  Needs to be updated (-q is set).
# variable set hash-table stats:
# Load=0/32=0%, Rehash=0, Collisions=0/14=0%
#  commands to execute (from `Makefile', line 185):
	$(CXX) -I$(INCDIR) $(CXXFLAGS) -c -o $@ $<
	

# Not a target:
.SUFFIXES:
#  Implicit rule search has not been done.
#  Modification time never checked.
#  File has not been updated.

# Not a target:
Makefile:
#  Implicit rule search has been done.
#  Last modified 2022-02-18 17:30:57
#  File has been updated.
#  Successfully updated.
# variable set hash-table stats:
# Load=0/32=0%, Rehash=0, Collisions=0/0=0%

# Not a target:
hardware-mapping.o:
#  Implicit rule search has not been done.
#  Modification time never checked.
#  File has not been updated.

# Not a target:
gpio.cc:
#  Implicit rule search has been done.
#  Last modified 2022-02-16 17:19:47
#  File has been updated.
#  Successfully updated.
# variable set hash-table stats:
# Load=0/32=0%, Rehash=0, Collisions=0/0=0%

# Not a target:
content-streamer.o:
#  Implicit rule search has not been done.
#  Modification time never checked.
#  File has not been updated.

librgbmatrix.so.1: gpio.o led-matrix.o options-initialize.o framebuffer.o thread.o bdf-font.o graphics.o led-matrix-c.o hardware-mapping.o pixel-mapper.o multiplex-mappers.o content-streamer.o
#  Implicit rule search has not been done.
#  Modification time never checked.
#  File has not been updated.
#  commands to execute (from `Makefile', line 177):
	$(CXX) -shared -Wl,-soname,$@ -o $@ $^ -lpthread  -lrt -lm -lpthread
	

# Not a target:
pixel-mapper.o:
#  Implicit rule search has not been done.
#  Modification time never checked.
#  File has not been updated.

# Not a target:
bdf-font.o:
#  Implicit rule search has not been done.
#  Modification time never checked.
#  File has not been updated.

graphics.o: graphics.cc utf8-internal.h
#  Implicit rule search has not been done.
#  Modification time never checked.
#  File has not been updated.

led-matrix.o: led-matrix.cc ../include/led-matrix.h
#  Implicit rule search has not been done.
#  Modification time never checked.
#  File has not been updated.

# Not a target:
graphics.cc:
#  Implicit rule search has not been done.
#  Modification time never checked.
#  File has not been updated.

# Not a target:
.DEFAULT:
#  Implicit rule search has not been done.
#  Modification time never checked.
#  File has not been updated.

# Not a target:
led-matrix.cc:
#  Implicit rule search has not been done.
#  Modification time never checked.
#  File has not been updated.

# Not a target:
utf8-internal.h:
#  Implicit rule search has not been done.
#  Modification time never checked.
#  File has not been updated.

# Not a target:
../include/led-matrix.h:
#  Implicit rule search has not been done.
#  Modification time never checked.
#  File has not been updated.

clean:
#  Implicit rule search has not been done.
#  Modification time never checked.
#  File has not been updated.
#  commands to execute (from `Makefile', line 191):
	rm -f $(OBJECTS) $(TARGET).a $(TARGET).so.1
	

# Not a target:
../include/thread.h:
#  Implicit rule search has not been done.
#  Modification time never checked.
#  File has not been updated.

thread.o: thread.cc ../include/thread.h
#  Implicit rule search has not been done.
#  Modification time never checked.
#  File has not been updated.

# Not a target:
framebuffer-internal.h:
#  Implicit rule search has not been done.
#  Modification time never checked.
#  File has not been updated.

# Not a target:
led-matrix-c.o:
#  Implicit rule search has not been done.
#  Modification time never checked.
#  File has not been updated.

framebuffer.o: framebuffer.cc framebuffer-internal.h
#  Implicit rule search has not been done.
#  Modification time never checked.
#  File has not been updated.

# Not a target:
thread.cc:
#  Implicit rule search has not been done.
#  Modification time never checked.
#  File has not been updated.

compiler-flags: FORCE
#  Implicit rule search has not been done.
#  Implicit/static pattern stem: `'
#  File does not exist.
#  File has been updated.
#  Needs to be updated (-q is set).
# automatic
# @ := compiler-flags
# automatic
# % := 
# automatic
# * := 
# automatic
# + := FORCE
# automatic
# | := 
# automatic
# < := FORCE
# automatic
# ^ := FORCE
# automatic
# ? := FORCE
# variable set hash-table stats:
# Load=8/32=25%, Rehash=0, Collisions=3/24=12%
#  commands to execute (from `Makefile', line 194):
	@echo '$(CXX) $(CXXFLAGS)' | cmp -s - $@ || echo '$(CXX) $(CXXFLAGS)' > $@
	

# Not a target:
framebuffer.cc:
#  Implicit rule search has not been done.
#  Modification time never checked.
#  File has not been updated.

# Not a target:
options-initialize.o:
#  Implicit rule search has not been done.
#  Modification time never checked.
#  File has not been updated.

# files hash-table stats:
# Load=31/1024=3%, Rehash=0, Collisions=3/85=4%
# VPATH Search Paths

# No `vpath' search paths.

# No general (`VPATH' variable) search path.

# # of strings in strcache: 1
# # of strcache buffers: 1
# strcache size: total = 4096 / max = 4096 / min = 4096 / avg = 4096
# strcache free: total = 4087 / max = 4087 / min = 4087 / avg = 4087

# Finished Make data base on Fri Oct 13 12:55:00 2023

 
make: *** [lib/librgbmatrix.a] Error 1


# Make data base, printed on Fri Oct 13 12:55:00 2023

# Variables

# automatic
<D = $(patsubst %/,%,$(dir $<))
# automatic
?F = $(notdir $?)
# environment
VSCODE_CRASH_REPORTER_PROCESS_TYPE = extensionHost
# automatic
?D = $(patsubst %/,%,$(dir $?))
# automatic
@D = $(patsubst %/,%,$(dir $@))
# automatic
@F = $(notdir $@)
# makefile
CURDIR := /Users/patrickbullion/Code/led/rpi-rgb-led-matrix
# makefile
SHELL = /bin/sh
# environment
VSCODE_NLS_CONFIG = {"locale":"en-us","osLocale":"en-us","availableLanguages":{},"_languagePackSupport":true}
# environment
_ = /usr/bin/make
# makefile (from `Makefile', line 5)
RGB_LIBRARY_NAME = rgbmatrix
# makefile (from `Makefile', line 10)
CSHARP_LIB_DIR = bindings/c#
# makefile (from `Makefile', line 1)
MAKEFILE_LIST :=  Makefile
# environment
__CFBundleIdentifier = com.microsoft.VSCode
# makefile (from `Makefile', line 4)
RGB_LIBDIR = ./lib
# environment
VSCODE_CWD = /
# environment
PATH = /usr/bin:/bin:/usr/sbin:/sbin:/usr/local/bin
# environment
LaunchInstanceID = F03CFCB4-EF3B-46E4-8D9D-0D95E67F6882
# environment
ELECTRON_RUN_AS_NODE = 1
# default
.FEATURES := target-specific order-only second-expansion else-if archives jobserver check-symlink
# environment
SSH_AUTH_SOCK = /private/tmp/com.apple.launchd.xMNdCHf4Tu/Listeners
# automatic
%F = $(notdir $%)
# environment
PWD = /Users/patrickbullion/Code/led/rpi-rgb-led-matrix
# environment
ORIGINAL_XDG_CURRENT_DESKTOP = undefined
# environment
MANPATH = /Applications/Xcode.app/Contents/Developer/Platforms/MacOSX.platform/Developer/SDKs/MacOSX.sdk/usr/share/man:/Applications/Xcode.app/Contents/Developer/Platforms/MacOSX.platform/usr/share/man:/Applications/Xcode.app/Contents/Developer/usr/share/man:/Applications/Xcode.app/Contents/Developer/Toolchains/XcodeDefault.xctoolchain/usr/share/man:
# environment
VSCODE_AMD_ENTRYPOINT = vs/workbench/api/node/extensionHostProcess
# environment
HOME = /Users/patrickbullion
# default
MAKEFILEPATH := /Applications/Xcode.app/Contents/Developer/Makefiles
# environment
VSCODE_CODE_CACHE_PATH = /Users/patrickbullion/Library/Application Support/Code/CachedData/f1b07bd25dfad64b0167beb15359ae573aecd2cc
# environment
LOGNAME = patrickbullion
# environment
APPLICATION_INSIGHTS_NO_DIAGNOSTIC_CHANNEL = true
# makefile (from `Makefile', line 9)
PYTHON_LIB_DIR = bindings/python
# environment
VSCODE_HANDLES_UNCAUGHT_ERRORS = true
# automatic
^D = $(patsubst %/,%,$(dir $^))
# environment
XPC_FLAGS = 0x0
# default
MAKE = $(MAKE_COMMAND)
# default
MAKECMDGOALS := all
# makefile (from `Makefile', line 6)
RGB_LIBRARY = $(RGB_LIBDIR)/lib$(RGB_LIBRARY_NAME).a
# environment
SHLVL = 1
# default
MAKE_VERSION := 3.81
# environment
USER = patrickbullion
# makefile
.DEFAULT_GOAL := all
# automatic
%D = $(patsubst %/,%,$(dir $%))
# default
MAKE_COMMAND := /Applications/Xcode.app/Contents/Developer/usr/bin/make
# default
.VARIABLES := 
# environment
TMPDIR = /var/folders/w9/1zr47vg90ss5sbzpm40bn78r0000gn/T/
# automatic
*F = $(notdir $*)
# environment
VSCODE_IPC_HOOK = /Users/patrickbullion/Library/Application Support/Code/1.83-main.sock
# environment
MallocNanoZone = 0
# makefile
MAKEFLAGS = Rrqp
# environment
MFLAGS = -Rrqp
# automatic
*D = $(patsubst %/,%,$(dir $*))
# environment
XPC_SERVICE_NAME = application.com.microsoft.VSCode.205882795.205882801
# automatic
+D = $(patsubst %/,%,$(dir $+))
# environment
VSCODE_L10N_BUNDLE_LOCATION = 
# automatic
+F = $(notdir $+)
# environment
__CF_USER_TEXT_ENCODING = 0x1F5:0x0:0x0
# environment
COMMAND_MODE = unix2003
# default
MAKEFILES := 
# automatic
<F = $(notdir $<)
# environment
LC_ALL = C
# environment
SECURITYSESSIONID = 186b0
# automatic
^F = $(notdir $^)
# default
SUFFIXES := 
# environment
MAKELEVEL := 0
# environment
LANG = C
# environment
VSCODE_PID = 714
# variable set hash-table stats:
# Load=67/1024=7%, Rehash=0, Collisions=2/106=2%

# Pattern-specific Variable Values

# No pattern-specific variable values.

# Directories

# . (device 16777234, inode 10096968): 22 files, no impossibilities.

# 22 files, no impossibilities in 1 directories.

# Implicit Rules

# No implicit rules.

# Files

all: lib/librgbmatrix.a
#  Command-line target.
#  Implicit rule search has been done.
#  File does not exist.
#  File has not been updated.
# variable set hash-table stats:
# Load=0/32=0%, Rehash=0, Collisions=0/7=0%

FORCE:
#  Phony target (prerequisite of .PHONY).
#  Implicit rule search has not been done.
#  File does not exist.
#  File has been updated.
#  Successfully updated.

.PHONY: FORCE
#  Implicit rule search has not been done.
#  Modification time never checked.
#  File has not been updated.

# Not a target:
.SUFFIXES:
#  Implicit rule search has not been done.
#  Modification time never checked.
#  File has not been updated.

# Not a target:
Makefile:
#  Implicit rule search has been done.
#  Last modified 2023-09-05 12:05:18
#  File has been updated.
#  Successfully updated.
# variable set hash-table stats:
# Load=0/32=0%, Rehash=0, Collisions=0/0=0%

build-python: lib/librgbmatrix.a
#  Implicit rule search has not been done.
#  Modification time never checked.
#  File has not been updated.
#  commands to execute (from `Makefile', line 28):
	$(MAKE) -C $(PYTHON_LIB_DIR) build
	

lib/librgbmatrix.a: FORCE
#  Implicit rule search has not been done.
#  Implicit/static pattern stem: `'
#  Modification time never checked.
#  File has been updated.
#  Failed to be updated.
# automatic
# @ := lib/librgbmatrix.a
# automatic
# % := 
# automatic
# * := 
# automatic
# + := FORCE
# automatic
# | := 
# automatic
# < := FORCE
# automatic
# ^ := FORCE
# automatic
# ? := FORCE
# variable set hash-table stats:
# Load=8/32=25%, Rehash=0, Collisions=3/15=20%
#  commands to execute (from `Makefile', line 15):
	$(MAKE) -C $(RGB_LIBDIR)
	$(MAKE) -C examples-api-use
	

# Not a target:
.DEFAULT:
#  Implicit rule search has not been done.
#  Modification time never checked.
#  File has not been updated.

clean:
#  Implicit rule search has not been done.
#  Modification time never checked.
#  File has not been updated.
#  commands to execute (from `Makefile', line 19):
	$(MAKE) -C lib clean
	$(MAKE) -C utils clean
	$(MAKE) -C examples-api-use clean
	$(MAKE) -C $(PYTHON_LIB_DIR) clean
	

install-python: build-python
#  Implicit rule search has not been done.
#  Modification time never checked.
#  File has not been updated.
#  commands to execute (from `Makefile', line 31):
	$(MAKE) -C $(PYTHON_LIB_DIR) install
	

build-csharp:
#  Implicit rule search has not been done.
#  Modification time never checked.
#  File has not been updated.
#  commands to execute (from `Makefile', line 25):
	$(MAKE) -C $(CSHARP_LIB_DIR) build
	

# files hash-table stats:
# Load=11/1024=1%, Rehash=0, Collisions=0/31=0%
# VPATH Search Paths

# No `vpath' search paths.

# No general (`VPATH' variable) search path.

# # of strings in strcache: 1
# # of strcache buffers: 1
# strcache size: total = 4096 / max = 4096 / min = 4096 / avg = 4096
# strcache free: total = 4087 / max = 4087 / min = 4087 / avg = 4087

# Finished Make data base on Fri Oct 13 12:55:00 2023

 
